Arguments: 
  C:\nodejs\node.exe C:\msys64\home\chetan\.yarn\bin\yarn.js

PATH: 
  C:\msys64\home\chetan\.yarn\bin;C:\msys64\home\chetan\.config\yarn\global\node_modules\.bin;C:\msys64\usr\local\bin;C:\msys64\usr\bin;C:\msys64\usr\bin;C:\msys64\opt\bin;C:\msys64\usr\bin;C:\Program Files\ConEmu\ConEmu\Scripts;C:\Program Files\ConEmu;C:\Program Files\ConEmu\ConEmu;C:\Program Files\AdoptOpenJDK\jdk-11.0.4.11-hotspot\bin;C:\Program Files (x86)\Common Files\Oracle\Java\javapath;C:\Windows\system32;C:\Windows;C:\Windows\System32\Wbem;C:\Windows\System32\WindowsPowerShell\v1.0;C:\Users\chetan\AppData\Local\Android\Sdk\platform-tools;C:\adb;C:\Program Files\PuTTY;C:\Program Files\Amazon\AWSCLI;C:\Program Files\Java\jdk-11.0.1\bin;C:\Program Files\Microsoft\Web Platform Installer;C:\xampp\php;C:\Program Files (x86)\Streamlink\bin;C:\ffmpeg\bin;C:\youtube-dl;C:\ProgramData\chocolatey\bin;C:\newPath;C:\Program Files\Typora;C:\Program Files\Pandoc;C:\Users\chetan\.deno\bin;C:\Program Files (x86)\GnuWin32\bin;C:\Users\chetan\AppData\Roaming\npm;C:\Users\chetan\AppData\Roaming\nvm;C:\nodejs;C:\watchmanbyFB\bin;C:\additionalPath;C:\Users\chetan\Desktop\Rapid Growth\readingFileGeneratingGlobalPackageList;C:\Program Files\Sublime Text 3;C:\msys64\usr\bin;C:\Program Files (x86)\Google\Chrome\Application;C:\Program Files\Git\cmd;C:\Program Files\PowerShell\7-preview\preview;C:\Program Files\Calibre2;C:\Program Files\ISC BIND 9\bin;C:\additionalPath\colortool;C:\Program Files (x86)\Yarn\bin;C:\Users\chetan\AppData\Local\Programs\Python\Python39\Scripts;C:\Users\chetan\AppData\Local\Programs\Python\Python39;C:\Users\chetan\scoop\shims;C:\Users\chetan\AppData\Local\Programs\Python\Python38\Scripts;C:\Users\chetan\AppData\Local\Programs\Python\Python38;C:\Ruby26-x64\bin;C:\Users\chetan\AppData\Local\Programs\Microsoft VS Code\bin;C:\Program Files\MongoDB\Server\4.0\bin;C:\Users\chetan\AppData\Local\GitHubDesktop\bin;C:\Users\chetan\AppData\Local\atom\bin;C:\Program Files\heroku\bin;C:\Program Files\IPFS Desktop\resources\app.asar.unpacked\out\ipfs-on-path\scripts\bin-win;C:\Users\chetan\AppData\Roaming\nvm;C:\nodejs;C:\Users\chetan\AppData\Local\hyper\app-3.0.2\resources\bin;C:\Program Files (x86)\GitHub CLI;C:\msys64\usr\local\bin;C:\Users\chetan\AppData\Local\Yarn\bin;C:\Program Files\Docker Toolbox;C:\msys64\usr\bin\site_perl;C:\msys64\usr\bin\vendor_perl;C:\msys64\usr\bin\core_perl

Yarn version: 
  1.22.5

Node version: 
  12.18.0

Platform: 
  win32 x64

Trace: 
  SyntaxError: E:\React projects\nodescriptstesting\package.json: Unexpected string in JSON at position 253
      at JSON.parse (<anonymous>)
      at C:\msys64\home\chetan\.yarn\lib\cli.js:1625:59
      at Generator.next (<anonymous>)
      at step (C:\msys64\home\chetan\.yarn\lib\cli.js:310:30)
      at C:\msys64\home\chetan\.yarn\lib\cli.js:321:13

npm manifest: 
  {
    "name": "nodescriptstesting",
    "version": "1.0.0",
    "main": "index.js",
    "license": "MIT",
    "scripts": {
      "start": "echo Hello",
      "prestart": "echo Welcome",
      "poststart": "echo World",
      "install": "echo 'My on install script.'"
      "preinstall": "echo 'My on pre-install script.'",
      "postinstall": "echo 'My on post-install script.'"
    },
    "dependencies": {
      "usewhat": "^1.0.23"
    }
  }

yarn manifest: 
  No manifest

Lockfile: 
  # THIS IS AN AUTOGENERATED FILE. DO NOT EDIT THIS FILE DIRECTLY.
  # yarn lockfile v1
  
  
  usewhat@^1.0.23:
    version "1.0.23"
    resolved "https://registry.yarnpkg.com/usewhat/-/usewhat-1.0.23.tgz#361944f237b1711a93f6ba549c452213e48e36ab"
    integrity sha512-2Qna5qRHcKjr6msPYW/Cp9yC4DRkBbgqCKk7la0k/gwA+4HBXjxlVfIkGsbIeWWKwWqXw0N6vsI+TB0cDEFLNg==
